

Working Directory = /data/projects/vlsi_fall2025/jswalling/synthesis/generic
QoS Summary for topPLLDigital
================================================================================
Metric                          generic        
================================================================================
Slack (ps):                     4,576
  R2R (ps):                     4,576
  I2R (ps):                  no_value
  R2O (ps):                    37,701
  I2O (ps):                  no_value
  CG  (ps):                  no_value
TNS (ps):                           0
  R2R (ps):                         0
  I2R (ps):                  no_value
  R2O (ps):                         0
  I2O (ps):                  no_value
  CG  (ps):                  no_value
Failing Paths:                      0
Cell Area:                     54,283
Total Cell Area:               54,283
Leaf Instances:                 2,072
Total Instances:                2,072
Utilization (%):                 0.00
Tot. Net Length (um):        no_value
Avg. Net Length (um):        no_value
Route Overflow H (%):        no_value
Route Overflow V (%):        no_value
MBCI(%) (bits/gate) :            0.00
Norm Cong Hotspot Area:
  Max Cong:                  no_value
  Tot Cong:                  no_value
================================================================================
CPU  Runtime (h:m:s):        00:01:04
Real Runtime (h:m:s):        00:01:12
CPU  Elapsed (h:m:s):        00:01:06
Real Elapsed (h:m:s):        00:01:12
Memory (MB):                  1818.40
================================================================================
================================================================================
Flow Settings:
================================================================================
Total Runtime (h:m:s): 00:01:12
Total Memory (MB):     1826.41
Executable Version:    23.14-s090_1
================================================================================
Total Cell Area =  Cell Area + Physical Cell Area
Total Instances =  Leaf Instances + Physical Instances


