============================================================
  Generated by:           Genus(TM) Synthesis Solution 23.14-s090_1
  Generated on:           Sep 13 2025  09:02:24 am
  Module:                 topPLLDigital
  Technology libraries:   sky130_tt_1.8_25 1.0
                          sky130_tt_1.8_25 1.0
  Operating conditions:   tt_1.8_25 (balanced_tree)
  Wireload mode:          enclosed
  Area mode:              timing library
============================================================

Timing
--------

Clock  Period 
--------------
clk   25000.0 
clk_2 50000.0 
sclk  31250.0 


  Cost    Critical         Violating 
 Group   Path Slack  TNS     Paths   
-------------------------------------
clk          4576.2   0.0          0 
clk_2       37700.6   0.0          0 
default    No paths   0.0            
sclk        29868.5   0.0          0 
-------------------------------------
Total                 0.0          0 

Instance Count
--------------
Leaf Instance Count             2072 
Physical Instance count            0 
Sequential Instance Count        969 
Combinational Instance Count    1103 
Hierarchical Instance Count        8 

Area
----
Cell Area                          54282.795
Physical Cell Area                 0.000
Total Cell Area (Cell+Physical)    54282.795
Net Area                           0.000
Total Area (Cell+Physical+Net)     54282.795

Runtime                            0.0 seconds
Elapsed Runtime                    73 seconds
Genus peak memory usage            1786.39 
Innovus peak memory usage          no_value 
Hostname                           lnx-prd-03.ece.vt.edu
