============================================================
  Generated by:           Genus(TM) Synthesis Solution 23.14-s090_1
  Generated on:           Sep 13 2025  09:02:24 am
  Module:                 topPLLDigital
  Technology libraries:   sky130_tt_1.8_25 1.0
                          sky130_tt_1.8_25 1.0
  Operating conditions:   tt_1.8_25 (balanced_tree)
  Wireload mode:          enclosed
  Area mode:              timing library
============================================================

                                  Leakage  
   Gate    Instances    Area    Power (nW)       Library       
---------------------------------------------------------------
ADDFX1            48   1554.000     44.172    sky130_tt_1.8_25 
ADDHX1             5    104.740      7.642    sky130_tt_1.8_25 
AND2X1            12    114.264      3.792    sky130_tt_1.8_25 
AND2X2            27    257.094     12.230    sky130_tt_1.8_25 
AND3X2             8     91.408      3.772    sky130_tt_1.8_25 
AND4X2             8    106.640     15.364    sky130_tt_1.8_25 
AOI211X1           5     57.130      0.353    sky130_tt_1.8_25 
AOI21X1           10     95.220      1.019    sky130_tt_1.8_25 
AOI21X2            1     15.235      0.226    sky130_tt_1.8_25 
AOI221X1          35    466.585      1.907    sky130_tt_1.8_25 
AOI222X1         106   1213.064      7.253    sky130_tt_1.8_25 
AOI22X1          204   2330.904      7.633    sky130_tt_1.8_25 
BUFX16             4    152.352      9.084    sky130_tt_1.8_25 
BUFX2             14    106.652      6.525    sky130_tt_1.8_25 
CLKAND2X2         17    161.874      8.946    sky130_tt_1.8_25 
CLKINVX1          16     91.408      2.157    sky130_tt_1.8_25 
CLKINVX2         113    645.569     26.821    sky130_tt_1.8_25 
CLKMX2X2           1     15.235      0.875    sky130_tt_1.8_25 
CLKXOR2X1         20    266.620     20.667    sky130_tt_1.8_25 
DFFRX1            46   1752.048    101.056    sky130_tt_1.8_25 
DFFX1             75   2570.925    149.462    sky130_tt_1.8_25 
INVX1             64    365.632      7.853    sky130_tt_1.8_25 
INVX16             2     64.750      3.936    sky130_tt_1.8_25 
INVX2             14     79.982      3.325    sky130_tt_1.8_25 
MX2X1              2     30.470      1.151    sky130_tt_1.8_25 
NAND2X1          145   1104.610     24.620    sky130_tt_1.8_25 
NAND3X1           12    114.264      3.422    sky130_tt_1.8_25 
NAND4X1           43    491.318     25.713    sky130_tt_1.8_25 
NOR2X1            77    586.586      7.332    sky130_tt_1.8_25 
NOR2X2             2     22.852      0.349    sky130_tt_1.8_25 
NOR3X1             7     66.654      0.395    sky130_tt_1.8_25 
NOR4X1             1     11.426      0.059    sky130_tt_1.8_25 
OAI211X1           2     22.840      0.355    sky130_tt_1.8_25 
OAI21X1           32    304.704      5.203    sky130_tt_1.8_25 
OAI221X1           2     26.662      0.166    sky130_tt_1.8_25 
OAI222X1           1     15.235      0.149    sky130_tt_1.8_25 
OAI22X1            9    102.834      1.165    sky130_tt_1.8_25 
OR2X1             19    180.918      5.016    sky130_tt_1.8_25 
OR2X2              2     19.044      0.489    sky130_tt_1.8_25 
OR3X1              1     11.426      0.049    sky130_tt_1.8_25 
SDFFRX1          306  14568.660    876.468    sky130_tt_1.8_25 
SDFFX1           542  23740.141   1361.103    sky130_tt_1.8_25 
XNOR2X1           12    182.820     13.250    sky130_tt_1.8_25 
---------------------------------------------------------------
total           2072  54282.795   2772.524                     


                                            Leakage  Leakage 
     Type      Instances    Area   Area % Power (nW) Power % 
-------------------------------------------------------------
sequential           969 42631.775   78.5   2488.089    89.7 
inverter             209  1247.341    2.3     44.092     1.6 
buffer                18   259.004    0.5     15.608     0.6 
logic                876 10144.676   18.7    224.735     8.1 
physical_cells         0     0.000    0.0      0.000     0.0 
-------------------------------------------------------------
total               2072 54282.795  100.0   2772.524   100.0 

